<?xml version="1.0" encoding="UTF-8"?>
<!-- Generated by org.testng.reporters.JUnitXMLReporter -->
<testsuite ignored="0" hostname="SRIKANTH" failures="0" tests="3" name="Default test" time="1.788" errors="0" timestamp="03 Oct 2024 05:14:10 GMT">
  <testcase classname="Phase3EndToEnd.BDDEndTest" name="TC01_GetAllEmployee" time="1.46"/>
  <testcase classname="Phase3EndToEnd.BDDEndTest" name="TC02_GetSingleEmployee" time="0.025"/>
  <testcase classname="Phase3EndToEnd.BDDEndTest" name="TC03_CreateEmployee" time="0.281"/>
</testsuite> <!-- Default test -->
