<?xml version="1.0" encoding="UTF-8"?>
<testng-results ignored="0" total="3" passed="3" failed="0" skipped="0">
  <reporter-output>
  </reporter-output>
  <suite started-at="2024-10-03T05:14:09Z" name="Default suite" finished-at="2024-10-03T05:14:10Z" duration-ms="1788">
    <groups>
    </groups>
    <test started-at="2024-10-03T05:14:09Z" name="Default test" finished-at="2024-10-03T05:14:10Z" duration-ms="1788">
      <class name="Phase3EndToEnd.BDDEndTest">
        <test-method signature="TC01_GetAllEmployee()[pri:0, instance:Phase3EndToEnd.BDDEndTest@2b30a42c]" started-at="2024-10-03T05:14:09Z" name="TC01_GetAllEmployee" finished-at="2024-10-03T05:14:10Z" duration-ms="1460" status="PASS">
          <reporter-output>
          </reporter-output>
        </test-method> <!-- TC01_GetAllEmployee -->
        <test-method signature="TC02_GetSingleEmployee()[pri:0, instance:Phase3EndToEnd.BDDEndTest@2b30a42c]" started-at="2024-10-03T05:14:10Z" name="TC02_GetSingleEmployee" finished-at="2024-10-03T05:14:10Z" duration-ms="25" status="PASS">
          <reporter-output>
          </reporter-output>
        </test-method> <!-- TC02_GetSingleEmployee -->
        <test-method signature="TC03_CreateEmployee()[pri:0, instance:Phase3EndToEnd.BDDEndTest@2b30a42c]" started-at="2024-10-03T05:14:10Z" name="TC03_CreateEmployee" finished-at="2024-10-03T05:14:10Z" duration-ms="281" status="PASS">
          <reporter-output>
          </reporter-output>
        </test-method> <!-- TC03_CreateEmployee -->
      </class> <!-- Phase3EndToEnd.BDDEndTest -->
    </test> <!-- Default test -->
  </suite> <!-- Default suite -->
</testng-results>
